TN:
SF:ts/productReview.ts
FN:2,<instance_members_initializer>
FN:6,ProductReview
FN:11,get name
FN:15,get review
FN:19,showInfo
FNF:5
FNH:2
FNDA:1,<instance_members_initializer>
FNDA:1,ProductReview
FNDA:0,get name
FNDA:0,get review
FNDA:0,showInfo
DA:1,1
DA:2,1
DA:3,1
DA:4,1
DA:5,1
DA:6,1
DA:7,1
DA:8,1
DA:9,1
DA:10,1
DA:11,1
DA:12,0
DA:13,0
DA:14,1
DA:15,1
DA:16,0
DA:17,0
DA:18,1
DA:19,1
DA:20,0
DA:21,0
DA:22,1
LF:22
LH:16
BRDA:2,0,0,1
BRDA:6,1,0,1
BRF:2
BRH:2
end_of_record
TN:
SF:ts/reviewCollector.ts
FN:5,<instance_members_initializer>
FN:9,ReviewCollector
FN:16,addReview
FN:25,getNumGoodReview
FNF:4
FNH:4
FNDA:2,<instance_members_initializer>
FNDA:2,ReviewCollector
FNDA:4,addReview
FNDA:3,getNumGoodReview
DA:1,1
DA:2,1
DA:3,1
DA:4,1
DA:5,2
DA:6,2
DA:7,2
DA:8,2
DA:9,2
DA:10,2
DA:11,2
DA:12,2
DA:13,2
DA:14,2
DA:15,2
DA:16,2
DA:17,4
DA:18,4
DA:19,3
DA:20,3
DA:21,4
DA:22,2
DA:23,2
DA:24,2
DA:25,2
DA:26,3
DA:27,3
DA:28,7
DA:29,7
DA:30,3
DA:31,3
DA:32,3
DA:33,3
DA:34,2
LF:34
LH:34
BRDA:5,0,0,2
BRDA:9,1,0,2
BRDA:16,2,0,4
BRDA:18,3,0,3
BRDA:18,4,0,2
BRDA:25,5,0,3
BRDA:27,6,0,7
BRDA:28,7,0,3
BRDA:29,8,0,4
BRDA:29,9,0,3
BRF:10
BRH:10
end_of_record
