TN:
SF:ts/tools.ts
FN:4,startTimer
FN:12,stopTimer
FN:17,startTimeOut
FN:25,stopTimeOut
FNF:4
FNH:4
FNDA:3,startTimer
FNDA:3,stopTimer
FNDA:3,startTimeOut
FNDA:2,stopTimeOut
DA:1,1
DA:2,1
DA:3,1
DA:4,3
DA:5,3
DA:6,3
DA:7,3
DA:8,3
DA:9,2
DA:10,2
DA:11,1
DA:12,3
DA:13,3
DA:14,2
DA:15,2
DA:16,1
DA:17,3
DA:18,3
DA:19,3
DA:20,3
DA:21,3
DA:22,2
DA:23,2
DA:24,1
DA:25,2
DA:26,2
DA:27,1
DA:28,1
LF:28
LH:28
BRDA:4,0,0,3
BRDA:8,1,0,1
BRDA:9,2,0,2
BRDA:12,3,0,3
BRDA:13,4,0,1
BRDA:14,5,0,2
BRDA:17,6,0,3
BRDA:21,7,0,1
BRDA:22,8,0,2
BRDA:25,9,0,2
BRDA:26,10,0,1
BRF:11
BRH:11
end_of_record
